mode: atomic
_/home/jeremie/projects/transprouter/transprouter/xnet/connection.go:19.31,21.2 1 0
_/home/jeremie/projects/transprouter/transprouter/xnet/connection.go:34.85,44.2 6 0
_/home/jeremie/projects/transprouter/transprouter/xnet/connection.go:48.45,55.2 6 0
_/home/jeremie/projects/transprouter/transprouter/xnet/connection.go:57.37,59.2 1 0
_/home/jeremie/projects/transprouter/transprouter/xnet/connection.go:61.55,63.2 1 0
_/home/jeremie/projects/transprouter/transprouter/xnet/connection.go:65.56,67.2 1 0
_/home/jeremie/projects/transprouter/transprouter/xnet/connection.go:69.35,71.2 1 0
_/home/jeremie/projects/transprouter/transprouter/xnet/connection.go:75.79,79.16 4 0
_/home/jeremie/projects/transprouter/transprouter/xnet/connection.go:83.2,84.16 2 0
_/home/jeremie/projects/transprouter/transprouter/xnet/connection.go:88.2,89.16 2 0
_/home/jeremie/projects/transprouter/transprouter/xnet/connection.go:93.2,100.8 5 0
_/home/jeremie/projects/transprouter/transprouter/xnet/connection.go:79.16,82.3 2 0
_/home/jeremie/projects/transprouter/transprouter/xnet/connection.go:84.16,87.3 2 0
_/home/jeremie/projects/transprouter/transprouter/xnet/connection.go:89.16,92.3 2 0
_/home/jeremie/projects/transprouter/transprouter/xnet/connection.go:103.55,107.10 4 4
_/home/jeremie/projects/transprouter/transprouter/xnet/connection.go:110.2,110.47 1 2
_/home/jeremie/projects/transprouter/transprouter/xnet/connection.go:107.10,109.3 1 2
_/home/jeremie/projects/transprouter/transprouter/xnet/connection.go:116.31,119.19 3 4
_/home/jeremie/projects/transprouter/transprouter/xnet/connection.go:128.2,129.38 2 2
_/home/jeremie/projects/transprouter/transprouter/xnet/connection.go:133.2,133.13 1 2
_/home/jeremie/projects/transprouter/transprouter/xnet/connection.go:119.19,122.3 1 1
_/home/jeremie/projects/transprouter/transprouter/xnet/connection.go:122.8,122.39 1 3
_/home/jeremie/projects/transprouter/transprouter/xnet/connection.go:122.39,125.3 1 1
_/home/jeremie/projects/transprouter/transprouter/xnet/connection.go:125.8,125.23 1 2
_/home/jeremie/projects/transprouter/transprouter/xnet/connection.go:125.23,127.3 1 0
_/home/jeremie/projects/transprouter/transprouter/xnet/connection.go:129.38,132.3 1 0
_/home/jeremie/projects/transprouter/transprouter/proxy/proxyresolver.go:34.53,38.16 4 0
_/home/jeremie/projects/transprouter/transprouter/proxy/proxyresolver.go:42.2,42.39 1 0
_/home/jeremie/projects/transprouter/transprouter/proxy/proxyresolver.go:38.16,41.3 2 0
_/home/jeremie/projects/transprouter/transprouter/proxy/proxyresolver.go:45.56,50.2 4 0
_/home/jeremie/projects/transprouter/transprouter/proxy/proxyresolver.go:52.51,54.16 2 0
_/home/jeremie/projects/transprouter/transprouter/proxy/proxyresolver.go:58.2,59.29 2 0
_/home/jeremie/projects/transprouter/transprouter/proxy/proxyresolver.go:54.16,57.3 2 0
_/home/jeremie/projects/transprouter/transprouter/proxy/proxyresolver.go:59.29,62.17 2 0
_/home/jeremie/projects/transprouter/transprouter/proxy/proxyresolver.go:65.3,68.35 4 0
_/home/jeremie/projects/transprouter/transprouter/proxy/proxyresolver.go:62.17,64.4 1 0
_/home/jeremie/projects/transprouter/transprouter/proxy/proxyresolver.go:69.8,74.17 4 0
_/home/jeremie/projects/transprouter/transprouter/proxy/proxyresolver.go:78.3,79.17 2 0
_/home/jeremie/projects/transprouter/transprouter/proxy/proxyresolver.go:83.3,83.39 1 0
_/home/jeremie/projects/transprouter/transprouter/proxy/proxyresolver.go:87.3,88.41 2 0
_/home/jeremie/projects/transprouter/transprouter/proxy/proxyresolver.go:74.17,77.4 2 0
_/home/jeremie/projects/transprouter/transprouter/proxy/proxyresolver.go:79.17,82.4 2 0
_/home/jeremie/projects/transprouter/transprouter/proxy/proxyresolver.go:83.39,86.4 2 0
_/home/jeremie/projects/transprouter/transprouter/proxy/proxyresolver.go:92.64,99.79 5 0
_/home/jeremie/projects/transprouter/transprouter/proxy/proxyresolver.go:109.2,113.11 3 0
_/home/jeremie/projects/transprouter/transprouter/proxy/proxyresolver.go:99.79,102.17 3 0
_/home/jeremie/projects/transprouter/transprouter/proxy/proxyresolver.go:105.3,105.9 1 0
_/home/jeremie/projects/transprouter/transprouter/proxy/proxyresolver.go:102.17,104.4 1 0
_/home/jeremie/projects/transprouter/transprouter/proxy/proxyresolver.go:128.50,130.2 1 0
